The system is: Windows - 10.0.22621 - AMD64
Compiling the C compiler identification source file "CMakeCCompilerId.c" succeeded.
Compiler: C:/Program Files/Microsoft Visual Studio/2022/Community/VC/Tools/MSVC/14.33.31629/bin/HostX86/x86/cl.exe 
Build flags: 
Id flags:  

The output was:
0
Microsoft (R) C/C++ Optimizing Compiler Version 19.33.31631 for x86
Copyright (C) Microsoft Corporation.  All rights reserved.

CMakeCCompilerId.c
Microsoft (R) Incremental Linker Version 14.33.31631.0
Copyright (C) Microsoft Corporation.  All rights reserved.

/out:CMakeCCompilerId.exe 
CMakeCCompilerId.obj 


Compilation of the C compiler identification source "CMakeCCompilerId.c" produced "CMakeCCompilerId.exe"

Compilation of the C compiler identification source "CMakeCCompilerId.c" produced "CMakeCCompilerId.obj"

The C compiler identification is MSVC, found in "C:/Users/zanet/Desktop/Renderer/cmake-build-debug/CMakeFiles/3.25.2/CompilerIdC/CMakeCCompilerId.exe"

Compiling the CXX compiler identification source file "CMakeCXXCompilerId.cpp" succeeded.
Compiler: C:/Program Files/Microsoft Visual Studio/2022/Community/VC/Tools/MSVC/14.33.31629/bin/HostX86/x86/cl.exe 
Build flags: 
Id flags:  

The output was:
0
Microsoft (R) C/C++ Optimizing Compiler Version 19.33.31631 for x86
Copyright (C) Microsoft Corporation.  All rights reserved.

CMakeCXXCompilerId.cpp
Microsoft (R) Incremental Linker Version 14.33.31631.0
Copyright (C) Microsoft Corporation.  All rights reserved.

/out:CMakeCXXCompilerId.exe 
CMakeCXXCompilerId.obj 


Compilation of the CXX compiler identification source "CMakeCXXCompilerId.cpp" produced "CMakeCXXCompilerId.exe"

Compilation of the CXX compiler identification source "CMakeCXXCompilerId.cpp" produced "CMakeCXXCompilerId.obj"

The CXX compiler identification is MSVC, found in "C:/Users/zanet/Desktop/Renderer/cmake-build-debug/CMakeFiles/3.25.2/CompilerIdCXX/CMakeCXXCompilerId.exe"

Detecting C compiler ABI info compiled with the following output:
Change Dir: C:/Users/zanet/Desktop/Renderer/cmake-build-debug/CMakeFiles/CMakeScratch/TryCompile-nzllqw

Run Build Command(s):nmake -f Makefile /nologo cmTC_05aea\fast && 	"C:\Program Files\Microsoft Visual Studio\2022\Community\VC\Tools\MSVC\14.33.31629\bin\HostX86\x86\nmake.exe"  -f CMakeFiles\cmTC_05aea.dir\build.make /nologo -L                  CMakeFiles\cmTC_05aea.dir\build
Building C object CMakeFiles/cmTC_05aea.dir/CMakeCCompilerABI.c.obj
	"C:\Program Files\JetBrains\CLion 2022.3.2\bin\cmake\win\x64\bin\cmake.exe" -E cmake_cl_compile_depends --dep-file=CMakeFiles\cmTC_05aea.dir\CMakeCCompilerABI.c.obj.d --working-dir=C:\Users\zanet\Desktop\Renderer\cmake-build-debug\CMakeFiles\CMakeScratch\TryCompile-nzllqw --filter-prefix="Note: including file: " -- C:\PROGRA~1\MICROS~2\2022\COMMUN~1\VC\Tools\MSVC\1433~1.316\bin\HostX86\x86\cl.exe @C:\Users\zanet\AppData\Local\Temp\nm20B2.tmp
CMakeCCompilerABI.c
Linking C executable cmTC_05aea.exe
	"C:\Program Files\JetBrains\CLion 2022.3.2\bin\cmake\win\x64\bin\cmake.exe" -E vs_link_exe --intdir=CMakeFiles\cmTC_05aea.dir --rc=C:\PROGRA~2\WI3CF2~1\10\bin\100226~1.0\x86\rc.exe --mt=C:\PROGRA~2\WI3CF2~1\10\bin\100226~1.0\x86\mt.exe --manifests -- C:\PROGRA~1\MICROS~2\2022\COMMUN~1\VC\Tools\MSVC\1433~1.316\bin\HostX86\x86\link.exe /nologo @CMakeFiles\cmTC_05aea.dir\objects1 @C:\Users\zanet\AppData\Local\Temp\nm221A.tmp



Detecting CXX compiler ABI info compiled with the following output:
Change Dir: C:/Users/zanet/Desktop/Renderer/cmake-build-debug/CMakeFiles/CMakeScratch/TryCompile-1ueco2

Run Build Command(s):nmake -f Makefile /nologo cmTC_08798\fast && 	"C:\Program Files\Microsoft Visual Studio\2022\Community\VC\Tools\MSVC\14.33.31629\bin\HostX86\x86\nmake.exe"  -f CMakeFiles\cmTC_08798.dir\build.make /nologo -L                  CMakeFiles\cmTC_08798.dir\build
Building CXX object CMakeFiles/cmTC_08798.dir/CMakeCXXCompilerABI.cpp.obj
	"C:\Program Files\JetBrains\CLion 2022.3.2\bin\cmake\win\x64\bin\cmake.exe" -E cmake_cl_compile_depends --dep-file=CMakeFiles\cmTC_08798.dir\CMakeCXXCompilerABI.cpp.obj.d --working-dir=C:\Users\zanet\Desktop\Renderer\cmake-build-debug\CMakeFiles\CMakeScratch\TryCompile-1ueco2 --filter-prefix="Note: including file: " -- C:\PROGRA~1\MICROS~2\2022\COMMUN~1\VC\Tools\MSVC\1433~1.316\bin\HostX86\x86\cl.exe @C:\Users\zanet\AppData\Local\Temp\nm23CF.tmp
CMakeCXXCompilerABI.cpp
Linking CXX executable cmTC_08798.exe
	"C:\Program Files\JetBrains\CLion 2022.3.2\bin\cmake\win\x64\bin\cmake.exe" -E vs_link_exe --intdir=CMakeFiles\cmTC_08798.dir --rc=C:\PROGRA~2\WI3CF2~1\10\bin\100226~1.0\x86\rc.exe --mt=C:\PROGRA~2\WI3CF2~1\10\bin\100226~1.0\x86\mt.exe --manifests -- C:\PROGRA~1\MICROS~2\2022\COMMUN~1\VC\Tools\MSVC\1433~1.316\bin\HostX86\x86\link.exe /nologo @CMakeFiles\cmTC_08798.dir\objects1 @C:\Users\zanet\AppData\Local\Temp\nm242D.tmp



